{
  "stats": {
    "suites": 1,
    "tests": 1,
    "passes": 1,
    "pending": 0,
    "failures": 0,
    "start": "2021-09-27T13:22:28.282Z",
    "end": "2021-09-27T13:22:37.275Z",
    "duration": 8993,
    "testsRegistered": 1,
    "passPercent": 100,
    "pendingPercent": 0,
    "other": 0,
    "hasOther": false,
    "skipped": 0,
    "hasSkipped": false
  },
  "results": [
    {
      "uuid": "9655ddaa-b86c-403b-b040-272e75c1c046",
      "title": "",
      "fullFile": "cypress/integration/AssistCode/VideoRecord.js",
      "file": "cypress/integration/AssistCode/VideoRecord.js",
      "beforeHooks": [],
      "afterHooks": [],
      "tests": [],
      "suites": [
        {
          "uuid": "e1ab64c0-028c-43ca-a87b-88287b77e293",
          "title": "ScreenShot",
          "fullFile": "",
          "file": "",
          "beforeHooks": [],
          "afterHooks": [],
          "tests": [
            {
              "title": "Screenshot using default",
              "fullTitle": "ScreenShot Screenshot using default",
              "timedOut": null,
              "duration": 7123,
              "state": "passed",
              "speed": "slow",
              "pass": true,
              "fail": false,
              "pending": false,
              "context": null,
              "code": "cy.visit(\"https://www.cypress.io/\");\ncy.screenshot();",
              "err": {},
              "uuid": "44d16649-88fd-4fea-a210-3e6e74e10597",
              "parentUUID": "e1ab64c0-028c-43ca-a87b-88287b77e293",
              "isHook": false,
              "skipped": false
            }
          ],
          "suites": [],
          "passes": [
            "44d16649-88fd-4fea-a210-3e6e74e10597"
          ],
          "failures": [],
          "pending": [],
          "skipped": [],
          "duration": 7123,
          "root": false,
          "rootEmpty": false,
          "_timeout": 2000
        }
      ],
      "passes": [],
      "failures": [],
      "pending": [],
      "skipped": [],
      "duration": 0,
      "root": true,
      "rootEmpty": true,
      "_timeout": 2000
    }
  ],
  "meta": {
    "mocha": {
      "version": "7.0.1"
    },
    "mochawesome": {
      "options": {
        "quiet": false,
        "reportFilename": "mochawesome",
        "saveHtml": false,
        "saveJson": true,
        "consoleReporter": "spec",
        "useInlineDiffs": false,
        "code": true
      },
      "version": "6.2.2"
    },
    "marge": {
      "options": {
        "id": "default",
        "reportDir": "cypress/reports/mocha",
        "quite": true,
        "overwrite": false,
        "html": false,
        "json": true
      },
      "version": "5.2.0"
    }
  }
}