{
  "stats": {
    "suites": 1,
    "tests": 3,
    "passes": 3,
    "pending": 0,
    "failures": 0,
    "start": "2021-09-27T13:21:30.709Z",
    "end": "2021-09-27T13:21:30.822Z",
    "duration": 113,
    "testsRegistered": 3,
    "passPercent": 100,
    "pendingPercent": 0,
    "other": 0,
    "hasOther": false,
    "skipped": 0,
    "hasSkipped": false
  },
  "results": [
    {
      "uuid": "8b8c472d-b802-4420-a030-92111ac30783",
      "title": "",
      "fullFile": "cypress/integration/AssistCode/cypresshooks.js",
      "file": "cypress/integration/AssistCode/cypresshooks.js",
      "beforeHooks": [],
      "afterHooks": [],
      "tests": [],
      "suites": [
        {
          "uuid": "734740ca-c04e-49d3-bb91-ecafde4abf42",
          "title": "All About Cypress Hooks",
          "fullFile": "",
          "file": "",
          "beforeHooks": [],
          "afterHooks": [],
          "tests": [
            {
              "title": "Searching Test ",
              "fullTitle": "All About Cypress Hooks Searching Test ",
              "timedOut": null,
              "duration": 35,
              "state": "passed",
              "speed": "fast",
              "pass": true,
              "fail": false,
              "pending": false,
              "context": null,
              "code": "cy.log(\"This is Searching Test\");",
              "err": {},
              "uuid": "b2b6fe84-4997-4cdc-b777-0ab166659c41",
              "parentUUID": "734740ca-c04e-49d3-bb91-ecafde4abf42",
              "isHook": false,
              "skipped": false
            },
            {
              "title": "Advanced Searching  ",
              "fullTitle": "All About Cypress Hooks Advanced Searching  ",
              "timedOut": null,
              "duration": 10,
              "state": "passed",
              "speed": "fast",
              "pass": true,
              "fail": false,
              "pending": false,
              "context": null,
              "code": "cy.log(\"This is Searching Test\");",
              "err": {},
              "uuid": "da3b6b9a-ee3a-45ec-acbd-8050cd5b5643",
              "parentUUID": "734740ca-c04e-49d3-bb91-ecafde4abf42",
              "isHook": false,
              "skipped": false
            },
            {
              "title": "Listing Products",
              "fullTitle": "All About Cypress Hooks Listing Products",
              "timedOut": null,
              "duration": 11,
              "state": "passed",
              "speed": "fast",
              "pass": true,
              "fail": false,
              "pending": false,
              "context": null,
              "code": "cy.log(\"This is Searching Test\");",
              "err": {},
              "uuid": "099b47a7-a485-4058-9d89-89c343066786",
              "parentUUID": "734740ca-c04e-49d3-bb91-ecafde4abf42",
              "isHook": false,
              "skipped": false
            }
          ],
          "suites": [],
          "passes": [
            "b2b6fe84-4997-4cdc-b777-0ab166659c41",
            "da3b6b9a-ee3a-45ec-acbd-8050cd5b5643",
            "099b47a7-a485-4058-9d89-89c343066786"
          ],
          "failures": [],
          "pending": [],
          "skipped": [],
          "duration": 56,
          "root": false,
          "rootEmpty": false,
          "_timeout": 2000
        }
      ],
      "passes": [],
      "failures": [],
      "pending": [],
      "skipped": [],
      "duration": 0,
      "root": true,
      "rootEmpty": true,
      "_timeout": 2000
    }
  ],
  "meta": {
    "mocha": {
      "version": "7.0.1"
    },
    "mochawesome": {
      "options": {
        "quiet": false,
        "reportFilename": "mochawesome",
        "saveHtml": false,
        "saveJson": true,
        "consoleReporter": "spec",
        "useInlineDiffs": false,
        "code": true
      },
      "version": "6.2.2"
    },
    "marge": {
      "options": {
        "id": "default",
        "reportDir": "cypress/reports/mocha",
        "quite": true,
        "overwrite": false,
        "html": false,
        "json": true
      },
      "version": "5.2.0"
    }
  }
}