{
  "stats": {
    "suites": 1,
    "tests": 1,
    "passes": 1,
    "pending": 0,
    "failures": 0,
    "start": "2021-09-27T13:21:15.461Z",
    "end": "2021-09-27T13:21:25.255Z",
    "duration": 9794,
    "testsRegistered": 1,
    "passPercent": 100,
    "pendingPercent": 0,
    "other": 0,
    "hasOther": false,
    "skipped": 0,
    "hasSkipped": false
  },
  "results": [
    {
      "uuid": "7724621c-5d8c-48a8-a6ca-7587597d8c40",
      "title": "",
      "fullFile": "cypress/integration/AssistCode/CustomCommand.js",
      "file": "cypress/integration/AssistCode/CustomCommand.js",
      "beforeHooks": [],
      "afterHooks": [],
      "tests": [],
      "suites": [
        {
          "uuid": "4cfc23a9-698f-4ce8-8a00-3378df859b22",
          "title": "CustomCommad",
          "fullFile": "",
          "file": "",
          "beforeHooks": [],
          "afterHooks": [],
          "tests": [
            {
              "title": "CustomTest",
              "fullTitle": "CustomCommad CustomTest",
              "timedOut": null,
              "duration": 7132,
              "state": "passed",
              "speed": "slow",
              "pass": true,
              "fail": false,
              "pending": false,
              "context": null,
              "code": "cy.login('rashidulmediusware@gmail.com', '123456');",
              "err": {},
              "uuid": "39f968cb-6053-4b1f-8675-a68f64442395",
              "parentUUID": "4cfc23a9-698f-4ce8-8a00-3378df859b22",
              "isHook": false,
              "skipped": false
            }
          ],
          "suites": [],
          "passes": [
            "39f968cb-6053-4b1f-8675-a68f64442395"
          ],
          "failures": [],
          "pending": [],
          "skipped": [],
          "duration": 7132,
          "root": false,
          "rootEmpty": false,
          "_timeout": 2000
        }
      ],
      "passes": [],
      "failures": [],
      "pending": [],
      "skipped": [],
      "duration": 0,
      "root": true,
      "rootEmpty": true,
      "_timeout": 2000
    }
  ],
  "meta": {
    "mocha": {
      "version": "7.0.1"
    },
    "mochawesome": {
      "options": {
        "quiet": false,
        "reportFilename": "mochawesome",
        "saveHtml": false,
        "saveJson": true,
        "consoleReporter": "spec",
        "useInlineDiffs": false,
        "code": true
      },
      "version": "6.2.2"
    },
    "marge": {
      "options": {
        "id": "default",
        "reportDir": "cypress/reports/mocha",
        "quite": true,
        "overwrite": false,
        "html": false,
        "json": true
      },
      "version": "5.2.0"
    }
  }
}