{
  "stats": {
    "suites": 1,
    "tests": 8,
    "passes": 8,
    "pending": 0,
    "failures": 0,
    "start": "2021-09-27T13:24:05.282Z",
    "end": "2021-09-27T13:24:16.438Z",
    "duration": 11156,
    "testsRegistered": 8,
    "passPercent": 100,
    "pendingPercent": 0,
    "other": 0,
    "hasOther": false,
    "skipped": 0,
    "hasSkipped": false
  },
  "results": [
    {
      "uuid": "e0b4ded0-fc60-432b-b94b-1f560eb5466b",
      "title": "",
      "fullFile": "cypress/integration/Testcases/SettingTest/TC01_AccountInformationSettingtest.js",
      "file": "cypress/integration/Testcases/SettingTest/TC01_AccountInformationSettingtest.js",
      "beforeHooks": [],
      "afterHooks": [],
      "tests": [],
      "suites": [
        {
          "uuid": "175fa157-b48b-4b62-a0c1-31df1b6458e0",
          "title": "Account Information",
          "fullFile": "",
          "file": "",
          "beforeHooks": [],
          "afterHooks": [],
          "tests": [
            {
              "title": "Verify Successfully Login or Not ",
              "fullTitle": "Account Information Verify Successfully Login or Not ",
              "timedOut": null,
              "duration": 6883,
              "state": "passed",
              "speed": "slow",
              "pass": true,
              "fail": false,
              "pending": false,
              "context": null,
              "code": "// Login from Custom command Page\ncy.login('rashidulmediusware@gmail.com', '123456');\ncy.url().should(\"be.eq\", \"https://job.mediusware.com/\");\nlogin.Dashboradbtn().click();",
              "err": {},
              "uuid": "37c464d1-7ed1-4075-b202-7b091d3e9bfd",
              "parentUUID": "175fa157-b48b-4b62-a0c1-31df1b6458e0",
              "isHook": false,
              "skipped": false
            },
            {
              "title": "should Click Setting Button",
              "fullTitle": "Account Information should Click Setting Button",
              "timedOut": null,
              "duration": 2031,
              "state": "passed",
              "speed": "slow",
              "pass": true,
              "fail": false,
              "pending": false,
              "context": null,
              "code": "acinfo.clickOnSettingButton().click();",
              "err": {},
              "uuid": "5a4f67fa-5330-43c2-aef5-9babc6f0f2fc",
              "parentUUID": "175fa157-b48b-4b62-a0c1-31df1b6458e0",
              "isHook": false,
              "skipped": false
            },
            {
              "title": "Change Profile Picture",
              "fullTitle": "Account Information Change Profile Picture",
              "timedOut": null,
              "duration": 558,
              "state": "passed",
              "speed": "slow",
              "pass": true,
              "fail": false,
              "pending": false,
              "context": null,
              "code": "const imgpath = 'Asset/Birds.jpeg';\nacinfo.profilePicture().attachFile(imgpath);",
              "err": {},
              "uuid": "c51b9d14-ffba-428a-944c-7528953f4515",
              "parentUUID": "175fa157-b48b-4b62-a0c1-31df1b6458e0",
              "isHook": false,
              "skipped": false
            },
            {
              "title": "Change Profile Picture",
              "fullTitle": "Account Information Change Profile Picture",
              "timedOut": null,
              "duration": 19,
              "state": "passed",
              "speed": "fast",
              "pass": true,
              "fail": false,
              "pending": false,
              "context": null,
              "code": "const imgpath = 'Asset/Birds.jpeg';\nacinfo.profilePicture().attachFile(imgpath);",
              "err": {},
              "uuid": "cfea6d0e-1c65-45b7-9fc5-3037d9286d02",
              "parentUUID": "175fa157-b48b-4b62-a0c1-31df1b6458e0",
              "isHook": false,
              "skipped": false
            },
            {
              "title": "Cv Upload",
              "fullTitle": "Account Information Cv Upload",
              "timedOut": null,
              "duration": 39,
              "state": "passed",
              "speed": "medium",
              "pass": true,
              "fail": false,
              "pending": false,
              "context": null,
              "code": "const cv = 'Asset/cv.pdf';\nacinfo.cvUpload().attachFile(cv);",
              "err": {},
              "uuid": "93fdf9eb-73a9-4e47-a4bc-a66550fe5dd8",
              "parentUUID": "175fa157-b48b-4b62-a0c1-31df1b6458e0",
              "isHook": false,
              "skipped": false
            },
            {
              "title": "Confirm Password",
              "fullTitle": "Account Information Confirm Password",
              "timedOut": null,
              "duration": 238,
              "state": "passed",
              "speed": "slow",
              "pass": true,
              "fail": false,
              "pending": false,
              "context": null,
              "code": "acinfo.confirmPassword().type(\"123456\");",
              "err": {},
              "uuid": "512495d2-1d17-40ae-bda7-18cf03d19648",
              "parentUUID": "175fa157-b48b-4b62-a0c1-31df1b6458e0",
              "isHook": false,
              "skipped": false
            },
            {
              "title": "Click on Save Button",
              "fullTitle": "Account Information Click on Save Button",
              "timedOut": null,
              "duration": 103,
              "state": "passed",
              "speed": "slow",
              "pass": true,
              "fail": false,
              "pending": false,
              "context": null,
              "code": "acinfo.saveButton().click();",
              "err": {},
              "uuid": "4c2ed8cf-bf36-4c8d-b53c-63a1d2f6883f",
              "parentUUID": "175fa157-b48b-4b62-a0c1-31df1b6458e0",
              "isHook": false,
              "skipped": false
            },
            {
              "title": "After save Account information Confirmation should be Show",
              "fullTitle": "Account Information After save Account information Confirmation should be Show",
              "timedOut": null,
              "duration": 10,
              "state": "passed",
              "speed": "fast",
              "pass": true,
              "fail": false,
              "pending": false,
              "context": null,
              "code": "acinfo.succesfullySaveMsg().should('contain.text', 'Your profile has been saved successfully');",
              "err": {},
              "uuid": "de7a6310-7e4d-4644-9cd6-2ad100c42d10",
              "parentUUID": "175fa157-b48b-4b62-a0c1-31df1b6458e0",
              "isHook": false,
              "skipped": false
            }
          ],
          "suites": [],
          "passes": [
            "37c464d1-7ed1-4075-b202-7b091d3e9bfd",
            "5a4f67fa-5330-43c2-aef5-9babc6f0f2fc",
            "c51b9d14-ffba-428a-944c-7528953f4515",
            "cfea6d0e-1c65-45b7-9fc5-3037d9286d02",
            "93fdf9eb-73a9-4e47-a4bc-a66550fe5dd8",
            "512495d2-1d17-40ae-bda7-18cf03d19648",
            "4c2ed8cf-bf36-4c8d-b53c-63a1d2f6883f",
            "de7a6310-7e4d-4644-9cd6-2ad100c42d10"
          ],
          "failures": [],
          "pending": [],
          "skipped": [],
          "duration": 9881,
          "root": false,
          "rootEmpty": false,
          "_timeout": 2000
        }
      ],
      "passes": [],
      "failures": [],
      "pending": [],
      "skipped": [],
      "duration": 0,
      "root": true,
      "rootEmpty": true,
      "_timeout": 2000
    }
  ],
  "meta": {
    "mocha": {
      "version": "7.0.1"
    },
    "mochawesome": {
      "options": {
        "quiet": false,
        "reportFilename": "mochawesome",
        "saveHtml": false,
        "saveJson": true,
        "consoleReporter": "spec",
        "useInlineDiffs": false,
        "code": true
      },
      "version": "6.2.2"
    },
    "marge": {
      "options": {
        "id": "default",
        "reportDir": "cypress/reports/mocha",
        "quite": true,
        "overwrite": false,
        "html": false,
        "json": true
      },
      "version": "5.2.0"
    }
  }
}