{
  "stats": {
    "suites": 12,
    "tests": 37,
    "passes": 36,
    "pending": 0,
    "failures": 1,
    "start": "2021-09-27T13:21:15.461Z",
    "end": "2021-09-27T13:24:38.007Z",
    "duration": 117597,
    "testsRegistered": 37,
    "passPercent": 97.29729729729729,
    "pendingPercent": 0,
    "other": 0,
    "hasOther": false,
    "skipped": 0,
    "hasSkipped": false
  },
  "results": [
    {
      "uuid": "8b8c472d-b802-4420-a030-92111ac30783",
      "title": "",
      "fullFile": "cypress/integration/AssistCode/cypresshooks.js",
      "file": "cypress/integration/AssistCode/cypresshooks.js",
      "beforeHooks": [],
      "afterHooks": [],
      "tests": [],
      "suites": [
        {
          "uuid": "734740ca-c04e-49d3-bb91-ecafde4abf42",
          "title": "All About Cypress Hooks",
          "fullFile": "",
          "file": "",
          "beforeHooks": [],
          "afterHooks": [],
          "tests": [
            {
              "title": "Searching Test ",
              "fullTitle": "All About Cypress Hooks Searching Test ",
              "timedOut": null,
              "duration": 35,
              "state": "passed",
              "speed": "fast",
              "pass": true,
              "fail": false,
              "pending": false,
              "context": null,
              "code": "cy.log(\"This is Searching Test\");",
              "err": {},
              "uuid": "b2b6fe84-4997-4cdc-b777-0ab166659c41",
              "parentUUID": "734740ca-c04e-49d3-bb91-ecafde4abf42",
              "isHook": false,
              "skipped": false
            },
            {
              "title": "Advanced Searching  ",
              "fullTitle": "All About Cypress Hooks Advanced Searching  ",
              "timedOut": null,
              "duration": 10,
              "state": "passed",
              "speed": "fast",
              "pass": true,
              "fail": false,
              "pending": false,
              "context": null,
              "code": "cy.log(\"This is Searching Test\");",
              "err": {},
              "uuid": "da3b6b9a-ee3a-45ec-acbd-8050cd5b5643",
              "parentUUID": "734740ca-c04e-49d3-bb91-ecafde4abf42",
              "isHook": false,
              "skipped": false
            },
            {
              "title": "Listing Products",
              "fullTitle": "All About Cypress Hooks Listing Products",
              "timedOut": null,
              "duration": 11,
              "state": "passed",
              "speed": "fast",
              "pass": true,
              "fail": false,
              "pending": false,
              "context": null,
              "code": "cy.log(\"This is Searching Test\");",
              "err": {},
              "uuid": "099b47a7-a485-4058-9d89-89c343066786",
              "parentUUID": "734740ca-c04e-49d3-bb91-ecafde4abf42",
              "isHook": false,
              "skipped": false
            }
          ],
          "suites": [],
          "passes": [
            "b2b6fe84-4997-4cdc-b777-0ab166659c41",
            "da3b6b9a-ee3a-45ec-acbd-8050cd5b5643",
            "099b47a7-a485-4058-9d89-89c343066786"
          ],
          "failures": [],
          "pending": [],
          "skipped": [],
          "duration": 56,
          "root": false,
          "rootEmpty": false,
          "_timeout": 2000
        }
      ],
      "passes": [],
      "failures": [],
      "pending": [],
      "skipped": [],
      "duration": 0,
      "root": true,
      "rootEmpty": true,
      "_timeout": 2000
    },
    {
      "uuid": "a49b355f-1250-4642-b830-a9c28ffa7c40",
      "title": "",
      "fullFile": "cypress/integration/AssistCode/Fileupload.js",
      "file": "cypress/integration/AssistCode/Fileupload.js",
      "beforeHooks": [],
      "afterHooks": [],
      "tests": [],
      "suites": [
        {
          "uuid": "82802da4-e5eb-42ff-b7cc-af916b9b60ce",
          "title": "All About Fileupload",
          "fullFile": "",
          "file": "",
          "beforeHooks": [],
          "afterHooks": [],
          "tests": [
            {
              "title": "Single File upload",
              "fullTitle": "All About Fileupload Single File upload",
              "timedOut": null,
              "duration": 10091,
              "state": "passed",
              "speed": "slow",
              "pass": true,
              "fail": false,
              "pending": false,
              "context": null,
              "code": "cy.visit('http://automationpractice.com/index.php?controller=contact');\nconst imgpath = 'Asset/Birds.jpeg';\ncy.get('#fileUpload').attachFile(imgpath);",
              "err": {},
              "uuid": "3cfd36e5-751b-4666-84f6-ba97d0b68f7d",
              "parentUUID": "82802da4-e5eb-42ff-b7cc-af916b9b60ce",
              "isHook": false,
              "skipped": false
            },
            {
              "title": "Drag And Drop File Upload",
              "fullTitle": "All About Fileupload Drag And Drop File Upload",
              "timedOut": null,
              "duration": 4056,
              "state": "passed",
              "speed": "slow",
              "pass": true,
              "fail": false,
              "pending": false,
              "context": null,
              "code": "cy.visit('https://css-tricks.com/examples/DragAndDropFileUploading/');\nconst imgpath = 'Asset/Birds.jpeg';\ncy.get('#file').attachFile(imgpath); //Assertion Done Message is Show or Not\ncy.get('.box__success').should('contain.text', 'Done! Upload more?');",
              "err": {},
              "uuid": "f3274ad9-64b1-40cf-b243-03bd83956b19",
              "parentUUID": "82802da4-e5eb-42ff-b7cc-af916b9b60ce",
              "isHook": false,
              "skipped": false
            },
            {
              "title": "Multiple File Upload",
              "fullTitle": "All About Fileupload Multiple File Upload",
              "timedOut": null,
              "duration": 4289,
              "state": "passed",
              "speed": "slow",
              "pass": true,
              "fail": false,
              "pending": false,
              "context": null,
              "code": "cy.visit('https://davidwalsh.name/demo/multiple-file-upload.php');\nconst img1 = 'Asset/Birds.jpeg';\nconst img2 = 'Asset/sampletext.txt';\ncy.get('#filesToUpload').attachFile([img1, img2]); //Assertion Done Message is Show or Not\n// cy.get('.box__success').should('contain.text','Done! Upload more?');",
              "err": {},
              "uuid": "5162a3ee-bd43-4737-8307-aac2cad783aa",
              "parentUUID": "82802da4-e5eb-42ff-b7cc-af916b9b60ce",
              "isHook": false,
              "skipped": false
            }
          ],
          "suites": [],
          "passes": [
            "3cfd36e5-751b-4666-84f6-ba97d0b68f7d",
            "f3274ad9-64b1-40cf-b243-03bd83956b19",
            "5162a3ee-bd43-4737-8307-aac2cad783aa"
          ],
          "failures": [],
          "pending": [],
          "skipped": [],
          "duration": 18436,
          "root": false,
          "rootEmpty": false,
          "_timeout": 2000
        }
      ],
      "passes": [],
      "failures": [],
      "pending": [],
      "skipped": [],
      "duration": 0,
      "root": true,
      "rootEmpty": true,
      "_timeout": 2000
    },
    {
      "uuid": "a8ad9016-e992-467b-a820-7223313e3485",
      "title": "",
      "fullFile": "cypress/integration/AssistCode/ScreenShoot.js",
      "file": "cypress/integration/AssistCode/ScreenShoot.js",
      "beforeHooks": [],
      "afterHooks": [],
      "tests": [],
      "suites": [
        {
          "uuid": "2ef9fa29-8eaf-4406-a2cc-1e1cab222e48",
          "title": "ScreenShot",
          "fullFile": "",
          "file": "",
          "beforeHooks": [],
          "afterHooks": [],
          "tests": [
            {
              "title": "Screenshot using default",
              "fullTitle": "ScreenShot Screenshot using default",
              "timedOut": null,
              "duration": 10865,
              "state": "passed",
              "speed": "slow",
              "pass": true,
              "fail": false,
              "pending": false,
              "context": null,
              "code": "cy.visit(\"https://www.cypress.io/\");\ncy.screenshot();",
              "err": {},
              "uuid": "1b18508f-befa-4669-82fd-30045855367d",
              "parentUUID": "2ef9fa29-8eaf-4406-a2cc-1e1cab222e48",
              "isHook": false,
              "skipped": false
            }
          ],
          "suites": [],
          "passes": [
            "1b18508f-befa-4669-82fd-30045855367d"
          ],
          "failures": [],
          "pending": [],
          "skipped": [],
          "duration": 10865,
          "root": false,
          "rootEmpty": false,
          "_timeout": 2000
        }
      ],
      "passes": [],
      "failures": [],
      "pending": [],
      "skipped": [],
      "duration": 0,
      "root": true,
      "rootEmpty": true,
      "_timeout": 2000
    },
    {
      "uuid": "9655ddaa-b86c-403b-b040-272e75c1c046",
      "title": "",
      "fullFile": "cypress/integration/AssistCode/VideoRecord.js",
      "file": "cypress/integration/AssistCode/VideoRecord.js",
      "beforeHooks": [],
      "afterHooks": [],
      "tests": [],
      "suites": [
        {
          "uuid": "e1ab64c0-028c-43ca-a87b-88287b77e293",
          "title": "ScreenShot",
          "fullFile": "",
          "file": "",
          "beforeHooks": [],
          "afterHooks": [],
          "tests": [
            {
              "title": "Screenshot using default",
              "fullTitle": "ScreenShot Screenshot using default",
              "timedOut": null,
              "duration": 7123,
              "state": "passed",
              "speed": "slow",
              "pass": true,
              "fail": false,
              "pending": false,
              "context": null,
              "code": "cy.visit(\"https://www.cypress.io/\");\ncy.screenshot();",
              "err": {},
              "uuid": "44d16649-88fd-4fea-a210-3e6e74e10597",
              "parentUUID": "e1ab64c0-028c-43ca-a87b-88287b77e293",
              "isHook": false,
              "skipped": false
            }
          ],
          "suites": [],
          "passes": [
            "44d16649-88fd-4fea-a210-3e6e74e10597"
          ],
          "failures": [],
          "pending": [],
          "skipped": [],
          "duration": 7123,
          "root": false,
          "rootEmpty": false,
          "_timeout": 2000
        }
      ],
      "passes": [],
      "failures": [],
      "pending": [],
      "skipped": [],
      "duration": 0,
      "root": true,
      "rootEmpty": true,
      "_timeout": 2000
    },
    {
      "uuid": "77ec8b8f-71ee-4740-a0ad-c5998f9b7348",
      "title": "",
      "fullFile": "cypress/integration/Testcases/Application/TC01_Application.js",
      "file": "cypress/integration/Testcases/Application/TC01_Application.js",
      "beforeHooks": [],
      "afterHooks": [],
      "tests": [],
      "suites": [
        {
          "uuid": "cabbff65-f363-494c-a87b-70582c57f916",
          "title": "Application Page Test",
          "fullFile": "",
          "file": "",
          "beforeHooks": [],
          "afterHooks": [],
          "tests": [
            {
              "title": "Goto Dashboard Page",
              "fullTitle": "Application Page Test Goto Dashboard Page",
              "timedOut": null,
              "duration": 10383,
              "state": "passed",
              "speed": "slow",
              "pass": true,
              "fail": false,
              "pending": false,
              "context": null,
              "code": "login.navigate();\nlogin.username();\nlogin.pass();\nlogin.submit();\ncy.wait(4000);\nlogin.Dashboradbtn().click();",
              "err": {},
              "uuid": "4eaa0c83-d074-4f4c-a539-43acc12a19fe",
              "parentUUID": "cabbff65-f363-494c-a87b-70582c57f916",
              "isHook": false,
              "skipped": false
            },
            {
              "title": "Click on Application Button",
              "fullTitle": "Application Page Test Click on Application Button",
              "timedOut": null,
              "duration": 780,
              "state": "passed",
              "speed": "slow",
              "pass": true,
              "fail": false,
              "pending": false,
              "context": null,
              "code": "application.clickapplication().click();",
              "err": {},
              "uuid": "b8e78220-c555-403d-b3cd-7a8959ac3160",
              "parentUUID": "cabbff65-f363-494c-a87b-70582c57f916",
              "isHook": false,
              "skipped": false
            },
            {
              "title": " verify  Job application history Section is visible or Not ",
              "fullTitle": "Application Page Test  verify  Job application history Section is visible or Not ",
              "timedOut": null,
              "duration": 1117,
              "state": "passed",
              "speed": "slow",
              "pass": true,
              "fail": false,
              "pending": false,
              "context": null,
              "code": "application.jobapplicationHistory().should('have.text', \"Job application history\");",
              "err": {},
              "uuid": "3eee945f-5cc4-4851-8882-1205a673d492",
              "parentUUID": "cabbff65-f363-494c-a87b-70582c57f916",
              "isHook": false,
              "skipped": false
            }
          ],
          "suites": [],
          "passes": [
            "4eaa0c83-d074-4f4c-a539-43acc12a19fe",
            "b8e78220-c555-403d-b3cd-7a8959ac3160",
            "3eee945f-5cc4-4851-8882-1205a673d492"
          ],
          "failures": [],
          "pending": [],
          "skipped": [],
          "duration": 12280,
          "root": false,
          "rootEmpty": false,
          "_timeout": 2000
        }
      ],
      "passes": [],
      "failures": [],
      "pending": [],
      "skipped": [],
      "duration": 0,
      "root": true,
      "rootEmpty": true,
      "_timeout": 2000
    },
    {
      "uuid": "295e9163-f82c-4b76-9cb3-9099102da95b",
      "title": "",
      "fullFile": "cypress/integration/Testcases/Dashboard/Tc01_DashBoard.js",
      "file": "cypress/integration/Testcases/Dashboard/Tc01_DashBoard.js",
      "beforeHooks": [],
      "afterHooks": [],
      "tests": [],
      "suites": [
        {
          "uuid": "2c21a09f-fde9-467a-95fd-5fa270e9b8ef",
          "title": "Dashboard Testing",
          "fullFile": "",
          "file": "",
          "beforeHooks": [],
          "afterHooks": [],
          "tests": [
            {
              "title": "Goto Dashboard Page",
              "fullTitle": "Dashboard Testing Goto Dashboard Page",
              "timedOut": null,
              "duration": 7687,
              "state": "passed",
              "speed": "slow",
              "pass": true,
              "fail": false,
              "pending": false,
              "context": null,
              "code": "cy.login('rashidulmediusware@gmail.com', '123456');\ncy.wait(3000);",
              "err": {},
              "uuid": "c741b75b-ce58-402b-8510-9972d64f45d8",
              "parentUUID": "2c21a09f-fde9-467a-95fd-5fa270e9b8ef",
              "isHook": false,
              "skipped": false
            },
            {
              "title": "Dashboard Button Click",
              "fullTitle": "Dashboard Testing Dashboard Button Click",
              "timedOut": null,
              "duration": 115,
              "state": "passed",
              "speed": "slow",
              "pass": true,
              "fail": false,
              "pending": false,
              "context": null,
              "code": "login.Dashboradbtn().click();",
              "err": {},
              "uuid": "7406094d-eab1-4ae5-a827-57b7866a8020",
              "parentUUID": "2c21a09f-fde9-467a-95fd-5fa270e9b8ef",
              "isHook": false,
              "skipped": false
            },
            {
              "title": "Verify Dashboard Button is Visible or not",
              "fullTitle": "Dashboard Testing Verify Dashboard Button is Visible or not",
              "timedOut": null,
              "duration": 21,
              "state": "passed",
              "speed": "fast",
              "pass": true,
              "fail": false,
              "pending": false,
              "context": null,
              "code": "login.Dashboradbtn().should('be.visible');",
              "err": {},
              "uuid": "c64ab8ee-f64f-4167-b72d-60a0cc45858b",
              "parentUUID": "2c21a09f-fde9-467a-95fd-5fa270e9b8ef",
              "isHook": false,
              "skipped": false
            },
            {
              "title": "Welcome Message is Show or Not ",
              "fullTitle": "Dashboard Testing Welcome Message is Show or Not ",
              "timedOut": null,
              "duration": 3022,
              "state": "passed",
              "speed": "slow",
              "pass": true,
              "fail": false,
              "pending": false,
              "context": null,
              "code": "cy.wait(3000);\ndash.wellcomemsg().should('have.text', ' Welcome to Candidate '); // cy.log(dash.welcomeMessage());",
              "err": {},
              "uuid": "c96e311a-ad65-4216-a065-fae73f8792ad",
              "parentUUID": "2c21a09f-fde9-467a-95fd-5fa270e9b8ef",
              "isHook": false,
              "skipped": false
            }
          ],
          "suites": [],
          "passes": [
            "c741b75b-ce58-402b-8510-9972d64f45d8",
            "7406094d-eab1-4ae5-a827-57b7866a8020",
            "c64ab8ee-f64f-4167-b72d-60a0cc45858b",
            "c96e311a-ad65-4216-a065-fae73f8792ad"
          ],
          "failures": [],
          "pending": [],
          "skipped": [],
          "duration": 10845,
          "root": false,
          "rootEmpty": false,
          "_timeout": 2000
        }
      ],
      "passes": [],
      "failures": [],
      "pending": [],
      "skipped": [],
      "duration": 0,
      "root": true,
      "rootEmpty": true,
      "_timeout": 2000
    },
    {
      "uuid": "e7b359c8-699b-4386-85be-b16e306064b8",
      "title": "",
      "fullFile": "cypress/integration/Testcases/ExaminationTest/TC01_LaravelMCQTest.js",
      "file": "cypress/integration/Testcases/ExaminationTest/TC01_LaravelMCQTest.js",
      "beforeHooks": [],
      "afterHooks": [],
      "tests": [],
      "suites": [
        {
          "uuid": "686d1a70-3748-4f7d-9812-74feebf780b7",
          "title": "Dashboard Testing",
          "fullFile": "",
          "file": "",
          "beforeHooks": [],
          "afterHooks": [],
          "tests": [
            {
              "title": "Goto Dashboard Page",
              "fullTitle": "Dashboard Testing Goto Dashboard Page",
              "timedOut": null,
              "duration": 8032,
              "state": "passed",
              "speed": "slow",
              "pass": true,
              "fail": false,
              "pending": false,
              "context": null,
              "code": "login.navigate();\nlogin.username();\nlogin.pass();\nlogin.submit();\ncy.wait(3000);\nlogin.Dashboradbtn().click();",
              "err": {},
              "uuid": "42642cab-9407-418e-a03e-b3b3f5fcc246",
              "parentUUID": "686d1a70-3748-4f7d-9812-74feebf780b7",
              "isHook": false,
              "skipped": false
            },
            {
              "title": "Click on Examination Button",
              "fullTitle": "Dashboard Testing Click on Examination Button",
              "timedOut": null,
              "duration": 1369,
              "state": "passed",
              "speed": "slow",
              "pass": true,
              "fail": false,
              "pending": false,
              "context": null,
              "code": "mcq.clickExaminationBTN().click();",
              "err": {},
              "uuid": "8fb63245-fe24-44de-ba93-4078cb37034e",
              "parentUUID": "686d1a70-3748-4f7d-9812-74feebf780b7",
              "isHook": false,
              "skipped": false
            },
            {
              "title": "Click on Start Exam",
              "fullTitle": "Dashboard Testing Click on Start Exam",
              "timedOut": null,
              "duration": 5414,
              "state": "failed",
              "speed": null,
              "pass": false,
              "fail": true,
              "pending": false,
              "context": "\"assets/Testcases/ExaminationTest/TC01_LaravelMCQTest.js/Dashboard Testing -- Click on Start Exam (failed).png\"",
              "code": "mcq.clickonStartExam().click({\n  multiple: true\n});\ncy.wait(3000);\nmcq.startExam().click();",
              "err": {
                "message": "CypressError: `cy.click()` can only be called on a single element. Your subject contained 2 elements. Pass `{ multiple: true }` if you want to serially click each element.\n\nhttps://on.cypress.io/click",
                "estack": "CypressError: `cy.click()` can only be called on a single element. Your subject contained 2 elements. Pass `{ multiple: true }` if you want to serially click each element.\n\nhttps://on.cypress.io/click\n    at mouseAction (https://job.mediusware.com/__cypress/runner/cypress_runner.js:149801:76)\n    at Context.click (https://job.mediusware.com/__cypress/runner/cypress_runner.js:149980:14)\n    at Context.<anonymous> (https://job.mediusware.com/__cypress/runner/cypress_runner.js:169833:23)\nFrom Your Spec Code:\n    at Context.eval (https://job.mediusware.com/__cypress/tests?p=cypress\\integration\\Testcases\\ExaminationTest\\TC01_LaravelMCQTest.js:264:21)",
                "diff": null
              },
              "uuid": "8997aaa3-2435-4a30-965a-f7f8ee2e902b",
              "parentUUID": "686d1a70-3748-4f7d-9812-74feebf780b7",
              "isHook": false,
              "skipped": false
            }
          ],
          "suites": [],
          "passes": [
            "42642cab-9407-418e-a03e-b3b3f5fcc246",
            "8fb63245-fe24-44de-ba93-4078cb37034e"
          ],
          "failures": [
            "8997aaa3-2435-4a30-965a-f7f8ee2e902b"
          ],
          "pending": [],
          "skipped": [],
          "duration": 14815,
          "root": false,
          "rootEmpty": false,
          "_timeout": 2000
        }
      ],
      "passes": [],
      "failures": [],
      "pending": [],
      "skipped": [],
      "duration": 0,
      "root": true,
      "rootEmpty": true,
      "_timeout": 2000
    },
    {
      "uuid": "949330ff-ce35-4e57-b240-5deb9f881151",
      "title": "",
      "fullFile": "cypress/integration/Testcases/HomePageTest/TC01_homePage.js",
      "file": "cypress/integration/Testcases/HomePageTest/TC01_homePage.js",
      "beforeHooks": [],
      "afterHooks": [],
      "tests": [],
      "suites": [
        {
          "uuid": "e62bc70a-d11b-4dcb-ba5e-4efe0169258c",
          "title": "HomePage Test",
          "fullFile": "",
          "file": "",
          "beforeHooks": [],
          "afterHooks": [],
          "tests": [
            {
              "title": "Verify Homepage Title",
              "fullTitle": "HomePage Test Verify Homepage Title",
              "timedOut": null,
              "duration": 5425,
              "state": "passed",
              "speed": "slow",
              "pass": true,
              "fail": false,
              "pending": false,
              "context": null,
              "code": "homePage.navigateURL();\ncy.title().should('eq', \"Home\");",
              "err": {},
              "uuid": "28853d19-7d36-44e6-bd78-191b80b66d04",
              "parentUUID": "e62bc70a-d11b-4dcb-ba5e-4efe0169258c",
              "isHook": false,
              "skipped": false
            },
            {
              "title": "Verify Url is correct or Not ",
              "fullTitle": "HomePage Test Verify Url is correct or Not ",
              "timedOut": null,
              "duration": 17,
              "state": "passed",
              "speed": "fast",
              "pass": true,
              "fail": false,
              "pending": false,
              "context": null,
              "code": "cy.url().should('include', 'job.mediusware.com');",
              "err": {},
              "uuid": "ff27cab6-de71-4a31-bb10-8e41a1b061ad",
              "parentUUID": "e62bc70a-d11b-4dcb-ba5e-4efe0169258c",
              "isHook": false,
              "skipped": false
            },
            {
              "title": "Verify HomePageLogo/Icon is Visible or Not ",
              "fullTitle": "HomePage Test Verify HomePageLogo/Icon is Visible or Not ",
              "timedOut": null,
              "duration": 99,
              "state": "passed",
              "speed": "slow",
              "pass": true,
              "fail": false,
              "pending": false,
              "context": null,
              "code": "homePage.logoAndIcon().should('be.visible');",
              "err": {},
              "uuid": "1af4b2dc-67c5-46dd-9a20-cd154f15c312",
              "parentUUID": "e62bc70a-d11b-4dcb-ba5e-4efe0169258c",
              "isHook": false,
              "skipped": false
            },
            {
              "title": "Verify Back to Home Button is Visible or Not ",
              "fullTitle": "HomePage Test Verify Back to Home Button is Visible or Not ",
              "timedOut": null,
              "duration": 23,
              "state": "passed",
              "speed": "fast",
              "pass": true,
              "fail": false,
              "pending": false,
              "context": null,
              "code": "homePage.backToHomebtn().should('be.visible');",
              "err": {},
              "uuid": "d4f2d5cc-3580-479b-bc30-2f5b89ec8a17",
              "parentUUID": "e62bc70a-d11b-4dcb-ba5e-4efe0169258c",
              "isHook": false,
              "skipped": false
            },
            {
              "title": "Verify ContactUS Button is Visible or Not ",
              "fullTitle": "HomePage Test Verify ContactUS Button is Visible or Not ",
              "timedOut": null,
              "duration": 19,
              "state": "passed",
              "speed": "fast",
              "pass": true,
              "fail": false,
              "pending": false,
              "context": null,
              "code": "homePage.contactUsBtn().should('be.visible');",
              "err": {},
              "uuid": "7e80095c-505b-4d89-9176-f2f14db0f156",
              "parentUUID": "e62bc70a-d11b-4dcb-ba5e-4efe0169258c",
              "isHook": false,
              "skipped": false
            },
            {
              "title": "Verify Login Button is Visible or Not ",
              "fullTitle": "HomePage Test Verify Login Button is Visible or Not ",
              "timedOut": null,
              "duration": 17,
              "state": "passed",
              "speed": "fast",
              "pass": true,
              "fail": false,
              "pending": false,
              "context": null,
              "code": "homePage.loginBTN().should('be.visible');",
              "err": {},
              "uuid": "bf12c56b-0c15-4f6b-8fe9-614d1c49a5e1",
              "parentUUID": "e62bc70a-d11b-4dcb-ba5e-4efe0169258c",
              "isHook": false,
              "skipped": false
            }
          ],
          "suites": [],
          "passes": [
            "28853d19-7d36-44e6-bd78-191b80b66d04",
            "ff27cab6-de71-4a31-bb10-8e41a1b061ad",
            "1af4b2dc-67c5-46dd-9a20-cd154f15c312",
            "d4f2d5cc-3580-479b-bc30-2f5b89ec8a17",
            "7e80095c-505b-4d89-9176-f2f14db0f156",
            "bf12c56b-0c15-4f6b-8fe9-614d1c49a5e1"
          ],
          "failures": [],
          "pending": [],
          "skipped": [],
          "duration": 5600,
          "root": false,
          "rootEmpty": false,
          "_timeout": 2000
        }
      ],
      "passes": [],
      "failures": [],
      "pending": [],
      "skipped": [],
      "duration": 0,
      "root": true,
      "rootEmpty": true,
      "_timeout": 2000
    },
    {
      "uuid": "003f8134-f0d1-439c-893c-7a5354b449ac",
      "title": "",
      "fullFile": "cypress/integration/Testcases/Login/TC01_LoginPage.js",
      "file": "cypress/integration/Testcases/Login/TC01_LoginPage.js",
      "beforeHooks": [],
      "afterHooks": [],
      "tests": [],
      "suites": [
        {
          "uuid": "fa02d35a-7e92-4a80-9ace-5ec09a92cc19",
          "title": "Login Page",
          "fullFile": "",
          "file": "",
          "beforeHooks": [],
          "afterHooks": [],
          "tests": [
            {
              "title": "Login To Application",
              "fullTitle": "Login Page Login To Application",
              "timedOut": null,
              "duration": 5123,
              "state": "passed",
              "speed": "slow",
              "pass": true,
              "fail": false,
              "pending": false,
              "context": null,
              "code": "cy.login('rashidulmediusware@gmail.com', '123456');",
              "err": {},
              "uuid": "6e3ac689-ed8d-432b-a746-dcb2b802e756",
              "parentUUID": "fa02d35a-7e92-4a80-9ace-5ec09a92cc19",
              "isHook": false,
              "skipped": false
            }
          ],
          "suites": [],
          "passes": [
            "6e3ac689-ed8d-432b-a746-dcb2b802e756"
          ],
          "failures": [],
          "pending": [],
          "skipped": [],
          "duration": 5123,
          "root": false,
          "rootEmpty": false,
          "_timeout": 2000
        }
      ],
      "passes": [],
      "failures": [],
      "pending": [],
      "skipped": [],
      "duration": 0,
      "root": true,
      "rootEmpty": true,
      "_timeout": 2000
    },
    {
      "uuid": "e0b4ded0-fc60-432b-b94b-1f560eb5466b",
      "title": "",
      "fullFile": "cypress/integration/Testcases/SettingTest/TC01_AccountInformationSettingtest.js",
      "file": "cypress/integration/Testcases/SettingTest/TC01_AccountInformationSettingtest.js",
      "beforeHooks": [],
      "afterHooks": [],
      "tests": [],
      "suites": [
        {
          "uuid": "175fa157-b48b-4b62-a0c1-31df1b6458e0",
          "title": "Account Information",
          "fullFile": "",
          "file": "",
          "beforeHooks": [],
          "afterHooks": [],
          "tests": [
            {
              "title": "Verify Successfully Login or Not ",
              "fullTitle": "Account Information Verify Successfully Login or Not ",
              "timedOut": null,
              "duration": 6883,
              "state": "passed",
              "speed": "slow",
              "pass": true,
              "fail": false,
              "pending": false,
              "context": null,
              "code": "// Login from Custom command Page\ncy.login('rashidulmediusware@gmail.com', '123456');\ncy.url().should(\"be.eq\", \"https://job.mediusware.com/\");\nlogin.Dashboradbtn().click();",
              "err": {},
              "uuid": "37c464d1-7ed1-4075-b202-7b091d3e9bfd",
              "parentUUID": "175fa157-b48b-4b62-a0c1-31df1b6458e0",
              "isHook": false,
              "skipped": false
            },
            {
              "title": "should Click Setting Button",
              "fullTitle": "Account Information should Click Setting Button",
              "timedOut": null,
              "duration": 2031,
              "state": "passed",
              "speed": "slow",
              "pass": true,
              "fail": false,
              "pending": false,
              "context": null,
              "code": "acinfo.clickOnSettingButton().click();",
              "err": {},
              "uuid": "5a4f67fa-5330-43c2-aef5-9babc6f0f2fc",
              "parentUUID": "175fa157-b48b-4b62-a0c1-31df1b6458e0",
              "isHook": false,
              "skipped": false
            },
            {
              "title": "Change Profile Picture",
              "fullTitle": "Account Information Change Profile Picture",
              "timedOut": null,
              "duration": 558,
              "state": "passed",
              "speed": "slow",
              "pass": true,
              "fail": false,
              "pending": false,
              "context": null,
              "code": "const imgpath = 'Asset/Birds.jpeg';\nacinfo.profilePicture().attachFile(imgpath);",
              "err": {},
              "uuid": "c51b9d14-ffba-428a-944c-7528953f4515",
              "parentUUID": "175fa157-b48b-4b62-a0c1-31df1b6458e0",
              "isHook": false,
              "skipped": false
            },
            {
              "title": "Change Profile Picture",
              "fullTitle": "Account Information Change Profile Picture",
              "timedOut": null,
              "duration": 19,
              "state": "passed",
              "speed": "fast",
              "pass": true,
              "fail": false,
              "pending": false,
              "context": null,
              "code": "const imgpath = 'Asset/Birds.jpeg';\nacinfo.profilePicture().attachFile(imgpath);",
              "err": {},
              "uuid": "cfea6d0e-1c65-45b7-9fc5-3037d9286d02",
              "parentUUID": "175fa157-b48b-4b62-a0c1-31df1b6458e0",
              "isHook": false,
              "skipped": false
            },
            {
              "title": "Cv Upload",
              "fullTitle": "Account Information Cv Upload",
              "timedOut": null,
              "duration": 39,
              "state": "passed",
              "speed": "medium",
              "pass": true,
              "fail": false,
              "pending": false,
              "context": null,
              "code": "const cv = 'Asset/cv.pdf';\nacinfo.cvUpload().attachFile(cv);",
              "err": {},
              "uuid": "93fdf9eb-73a9-4e47-a4bc-a66550fe5dd8",
              "parentUUID": "175fa157-b48b-4b62-a0c1-31df1b6458e0",
              "isHook": false,
              "skipped": false
            },
            {
              "title": "Confirm Password",
              "fullTitle": "Account Information Confirm Password",
              "timedOut": null,
              "duration": 238,
              "state": "passed",
              "speed": "slow",
              "pass": true,
              "fail": false,
              "pending": false,
              "context": null,
              "code": "acinfo.confirmPassword().type(\"123456\");",
              "err": {},
              "uuid": "512495d2-1d17-40ae-bda7-18cf03d19648",
              "parentUUID": "175fa157-b48b-4b62-a0c1-31df1b6458e0",
              "isHook": false,
              "skipped": false
            },
            {
              "title": "Click on Save Button",
              "fullTitle": "Account Information Click on Save Button",
              "timedOut": null,
              "duration": 103,
              "state": "passed",
              "speed": "slow",
              "pass": true,
              "fail": false,
              "pending": false,
              "context": null,
              "code": "acinfo.saveButton().click();",
              "err": {},
              "uuid": "4c2ed8cf-bf36-4c8d-b53c-63a1d2f6883f",
              "parentUUID": "175fa157-b48b-4b62-a0c1-31df1b6458e0",
              "isHook": false,
              "skipped": false
            },
            {
              "title": "After save Account information Confirmation should be Show",
              "fullTitle": "Account Information After save Account information Confirmation should be Show",
              "timedOut": null,
              "duration": 10,
              "state": "passed",
              "speed": "fast",
              "pass": true,
              "fail": false,
              "pending": false,
              "context": null,
              "code": "acinfo.succesfullySaveMsg().should('contain.text', 'Your profile has been saved successfully');",
              "err": {},
              "uuid": "de7a6310-7e4d-4644-9cd6-2ad100c42d10",
              "parentUUID": "175fa157-b48b-4b62-a0c1-31df1b6458e0",
              "isHook": false,
              "skipped": false
            }
          ],
          "suites": [],
          "passes": [
            "37c464d1-7ed1-4075-b202-7b091d3e9bfd",
            "5a4f67fa-5330-43c2-aef5-9babc6f0f2fc",
            "c51b9d14-ffba-428a-944c-7528953f4515",
            "cfea6d0e-1c65-45b7-9fc5-3037d9286d02",
            "93fdf9eb-73a9-4e47-a4bc-a66550fe5dd8",
            "512495d2-1d17-40ae-bda7-18cf03d19648",
            "4c2ed8cf-bf36-4c8d-b53c-63a1d2f6883f",
            "de7a6310-7e4d-4644-9cd6-2ad100c42d10"
          ],
          "failures": [],
          "pending": [],
          "skipped": [],
          "duration": 9881,
          "root": false,
          "rootEmpty": false,
          "_timeout": 2000
        }
      ],
      "passes": [],
      "failures": [],
      "pending": [],
      "skipped": [],
      "duration": 0,
      "root": true,
      "rootEmpty": true,
      "_timeout": 2000
    },
    {
      "uuid": "54626f3f-ab78-4ba1-a94e-5be9936a73d0",
      "title": "",
      "fullFile": "cypress/integration/Testcases/SettingTest/TC01_PasswordChange.js",
      "file": "cypress/integration/Testcases/SettingTest/TC01_PasswordChange.js",
      "beforeHooks": [],
      "afterHooks": [],
      "tests": [],
      "suites": [
        {
          "uuid": "ebcd963e-e00f-40a5-a7ba-a80d6570d5c9",
          "title": "Change Password ",
          "fullFile": "",
          "file": "",
          "beforeHooks": [],
          "afterHooks": [],
          "tests": [
            {
              "title": "Login Application  ",
              "fullTitle": "Change Password  Login Application  ",
              "timedOut": null,
              "duration": 14695,
              "state": "passed",
              "speed": "slow",
              "pass": true,
              "fail": false,
              "pending": false,
              "context": null,
              "code": "// Login from Custom command Page\ncy.login('rashidulmediusware@gmail.com', '123456');\ncy.wait(3000);\nlogin.Dashboradbtn().click();\ncy.wait(3000);",
              "err": {},
              "uuid": "58fed1fb-cb6a-49a3-a2c2-2c5c5e22a1e9",
              "parentUUID": "ebcd963e-e00f-40a5-a7ba-a80d6570d5c9",
              "isHook": false,
              "skipped": false
            },
            {
              "title": "should Click Setting Button",
              "fullTitle": "Change Password  should Click Setting Button",
              "timedOut": null,
              "duration": 110,
              "state": "passed",
              "speed": "slow",
              "pass": true,
              "fail": false,
              "pending": false,
              "context": null,
              "code": "acinfo.clickOnSettingButton().click();",
              "err": {},
              "uuid": "94d99d63-0710-4d5c-9c22-b8c836635b01",
              "parentUUID": "ebcd963e-e00f-40a5-a7ba-a80d6570d5c9",
              "isHook": false,
              "skipped": false
            },
            {
              "title": "Click on Change Pass",
              "fullTitle": "Change Password  Click on Change Pass",
              "timedOut": null,
              "duration": 636,
              "state": "passed",
              "speed": "slow",
              "pass": true,
              "fail": false,
              "pending": false,
              "context": null,
              "code": "changePassword.changePass().click();",
              "err": {},
              "uuid": "de6aee32-45b3-499f-b9ec-3891e85c7df1",
              "parentUUID": "ebcd963e-e00f-40a5-a7ba-a80d6570d5c9",
              "isHook": false,
              "skipped": false
            }
          ],
          "suites": [],
          "passes": [
            "58fed1fb-cb6a-49a3-a2c2-2c5c5e22a1e9",
            "94d99d63-0710-4d5c-9c22-b8c836635b01",
            "de6aee32-45b3-499f-b9ec-3891e85c7df1"
          ],
          "failures": [],
          "pending": [],
          "skipped": [],
          "duration": 15441,
          "root": false,
          "rootEmpty": false,
          "_timeout": 2000
        }
      ],
      "passes": [],
      "failures": [],
      "pending": [],
      "skipped": [],
      "duration": 0,
      "root": true,
      "rootEmpty": true,
      "_timeout": 2000
    },
    {
      "uuid": "7724621c-5d8c-48a8-a6ca-7587597d8c40",
      "title": "",
      "fullFile": "cypress/integration/AssistCode/CustomCommand.js",
      "file": "cypress/integration/AssistCode/CustomCommand.js",
      "beforeHooks": [],
      "afterHooks": [],
      "tests": [],
      "suites": [
        {
          "uuid": "4cfc23a9-698f-4ce8-8a00-3378df859b22",
          "title": "CustomCommad",
          "fullFile": "",
          "file": "",
          "beforeHooks": [],
          "afterHooks": [],
          "tests": [
            {
              "title": "CustomTest",
              "fullTitle": "CustomCommad CustomTest",
              "timedOut": null,
              "duration": 7132,
              "state": "passed",
              "speed": "slow",
              "pass": true,
              "fail": false,
              "pending": false,
              "context": null,
              "code": "cy.login('rashidulmediusware@gmail.com', '123456');",
              "err": {},
              "uuid": "39f968cb-6053-4b1f-8675-a68f64442395",
              "parentUUID": "4cfc23a9-698f-4ce8-8a00-3378df859b22",
              "isHook": false,
              "skipped": false
            }
          ],
          "suites": [],
          "passes": [
            "39f968cb-6053-4b1f-8675-a68f64442395"
          ],
          "failures": [],
          "pending": [],
          "skipped": [],
          "duration": 7132,
          "root": false,
          "rootEmpty": false,
          "_timeout": 2000
        }
      ],
      "passes": [],
      "failures": [],
      "pending": [],
      "skipped": [],
      "duration": 0,
      "root": true,
      "rootEmpty": true,
      "_timeout": 2000
    }
  ],
  "meta": {
    "mocha": {
      "version": "7.0.1"
    },
    "mochawesome": {
      "options": {
        "quiet": false,
        "reportFilename": "mochawesome",
        "saveHtml": false,
        "saveJson": true,
        "consoleReporter": "spec",
        "useInlineDiffs": false,
        "code": true
      },
      "version": "6.2.2"
    },
    "marge": {
      "options": {
        "id": "default",
        "reportDir": "cypress/reports/mocha",
        "quite": true,
        "overwrite": false,
        "html": false,
        "json": true
      },
      "version": "5.2.0"
    }
  }
}